[debug] [2022-06-05T13:51:57.353Z] ----------------------------------------------------------------------
[debug] [2022-06-05T13:51:57.354Z] Command:       C:\Program Files\nodejs\node.exe C:\Users\banda\AppData\Roaming\npm\node_modules\firebase-tools\lib\bin\firebase.js init
[debug] [2022-06-05T13:51:57.354Z] CLI Version:   11.0.1
[debug] [2022-06-05T13:51:57.354Z] Platform:      win32
[debug] [2022-06-05T13:51:57.355Z] Node Version:  v16.15.1
[debug] [2022-06-05T13:51:57.355Z] Time:          Sun Jun 05 2022 19:21:57 GMT+0530 (India Standard Time)
[debug] [2022-06-05T13:51:57.356Z] ----------------------------------------------------------------------
[debug] 
[debug] [2022-06-05T13:51:57.408Z] > command requires scopes: ["email","openid","https://www.googleapis.com/auth/cloudplatformprojects.readonly","https://www.googleapis.com/auth/firebase","https://www.googleapis.com/auth/cloud-platform"]
[debug] [2022-06-05T13:51:57.408Z] > authorizing via signed-in user (bandarugoud44@gmail.com)
[info] 
     ######## #### ########  ######## ########     ###     ######  ########
     ##        ##  ##     ## ##       ##     ##  ##   ##  ##       ##
     ######    ##  ########  ######   ########  #########  ######  ######
     ##        ##  ##    ##  ##       ##     ## ##     ##       ## ##
     ##       #### ##     ## ######## ########  ##     ##  ######  ########

You're about to initialize a Firebase project in this directory:

  C:\bmt-react-tool

Before we get started, keep in mind:

  * You are currently outside your home directory
  * You are initializing within an existing Firebase project directory

[info] 
=== Project Setup
[info] 
[info] First, let's associate this project directory with a Firebase project.
[info] You can create multiple project aliases by running firebase use --add, 
[info] but for now we'll just set up a default project.
[info] 
[debug] [2022-06-05T13:52:20.110Z] Using project from CLI flag: bmttool-63e16
[debug] [2022-06-05T13:52:20.112Z] >>> [apiv2][query] GET https://firebase.googleapis.com/v1beta1/projects/bmttool-63e16 [none]
[debug] [2022-06-05T13:52:20.904Z] <<< [apiv2][status] GET https://firebase.googleapis.com/v1beta1/projects/bmttool-63e16 200
[debug] [2022-06-05T13:52:20.904Z] <<< [apiv2][body] GET https://firebase.googleapis.com/v1beta1/projects/bmttool-63e16 {"projectId":"bmttool-63e16","projectNumber":"1097071911626","displayName":"Bmttool","name":"projects/bmttool-63e16","resources":{"hostingSite":"bmttool-63e16","realtimeDatabaseInstance":"bmttool-63e16-default-rtdb"},"state":"ACTIVE"}
[info] i  Using project bmttool-63e16 (Bmttool) 
[info] 
=== Hosting Setup
[info] 
[info] Your public directory is the folder (relative to your project directory) that
[info] will contain Hosting assets to be uploaded with firebase deploy. If you
[info] have a build process for your assets, use your build's output directory.
[info] 
[debug] [2022-06-05T13:52:35.807Z] >>> [apiv2][query] GET https://www.gstatic.com/firebasejs/releases.json [none]
[debug] [2022-06-05T13:52:35.978Z] <<< [apiv2][status] GET https://www.gstatic.com/firebasejs/releases.json 200
[debug] [2022-06-05T13:52:35.978Z] <<< [apiv2][body] GET https://www.gstatic.com/firebasejs/releases.json {"current":{"version":"9.8.2","browserURL":"https://www.gstatic.com/firebasejs/9.8.2/firebase.js","packageURL":"https://www.gstatic.com/firebasejs/9.8.2/firebase.tgz"},"live":{"version":"9.8","browserURL":"https://www.gstatic.com/firebasejs/live/9.8/firebase.js","packageURL":"https://www.gstatic.com/firebasejs/live/9.8/firebase.tgz"},"components":{"analytics":"https://www.gstatic.com/firebasejs/9.8.2/firebase-analytics.js","app":"https://www.gstatic.com/firebasejs/9.8.2/firebase-app.js","app-check":"https://www.gstatic.com/firebasejs/9.8.2/firebase-app-check.js","auth":"https://www.gstatic.com/firebasejs/9.8.2/firebase-auth.js","auth/cordova":"https://www.gstatic.com/firebasejs/9.8.2/firebase-auth/cordova.js","auth/react-native":"https://www.gstatic.com/firebasejs/9.8.2/firebase-auth/react-native.js","functions":"https://www.gstatic.com/firebasejs/9.8.2/firebase-functions.js","firestore":"https://www.gstatic.com/firebasejs/9.8.2/firebase-firestore.js","firestore/lite":"https://www.gstatic.com/firebasejs/9.8.2/firebase-firestore/lite.js","storage":"https://www.gstatic.com/firebasejs/9.8.2/firebase-storage.js","performance":"https://www.gstatic.com/firebasejs/9.8.2/firebase-performance.js","remote-config":"https://www.gstatic.com/firebasejs/9.8.2/firebase-remote-config.js","messaging":"https://www.gstatic.com/firebasejs/9.8.2/firebase-messaging.js","messaging/sw":"https://www.gstatic.com/firebasejs/9.8.2/firebase-messaging/sw.js","database":"https://www.gstatic.com/firebasejs/9.8.2/firebase-database.js","firestore.memory":"https://www.gstatic.com/firebasejs/9.8.2/firebase-firestore.memory.js"}}
[info] +  Wrote public/index.html 
[info] 
[info] i  Didn't detect a .git folder. Assuming C:\bmt-react-tool is the project root. 
[info] i  Authorizing with GitHub to upload your service account to a GitHub repository's secrets store. 
[info] 
[info] Visit this URL on this device to log in:
[info] https://github.com/login/oauth/authorize?client_id=89cf50f02ac6aaed3484&state=188304735&redirect_uri=http%3A%2F%2Flocalhost%3A9005&scope=read%3Auser%20repo%20public_repo
[info] 
[info] Waiting for authentication...
